This is XeTeX, Version 3.1415926-2.4-0.9998 (TeX Live 2012) (format=xelatex 2012.6.30)  16 NOV 2012 14:00
entering extended mode
 restricted \write18 enabled.
 file:line:error style messages enabled.
 %&-line parsing enabled.
**simulation-figs.tex
(./simulation-figs.tex
LaTeX2e <2011/06/27>
Babel <v3.8m> and hyphenation patterns for english, dumylang, nohyphenation, ge
rman-x-2012-05-30, ngerman-x-2012-05-30, afrikaans, ancientgreek, ibycus, arabi
c, armenian, basque, bulgarian, catalan, pinyin, coptic, croatian, czech, danis
h, dutch, ukenglish, usenglishmax, esperanto, estonian, ethiopic, farsi, finnis
h, french, friulan, galician, german, ngerman, swissgerman, monogreek, greek, h
ungarian, icelandic, assamese, bengali, gujarati, hindi, kannada, malayalam, ma
rathi, oriya, panjabi, tamil, telugu, indonesian, interlingua, irish, italian, 
kurmanji, latin, latvian, lithuanian, mongolian, mongolianlmc, bokmal, nynorsk,
 polish, portuguese, romanian, romansh, russian, sanskrit, serbian, serbianc, s
lovak, slovenian, spanish, swedish, turkish, turkmen, ukrainian, uppersorbian, 
welsh, loaded.
(/usr/local/texlive/2012/texmf-dist/tex/latex/elsarticle/elsarticle.cls
Document Class: elsarticle 2009/09/17, 1.2.0: Elsevier Ltd
\@bls=\dimen102
(/usr/local/texlive/2012/texmf-dist/tex/latex/base/article.cls
Document Class: article 2007/10/19 v1.4h Standard LaTeX document class
(/usr/local/texlive/2012/texmf-dist/tex/latex/base/size11.clo
File: size11.clo 2007/10/19 v1.4h Standard LaTeX file (size option)
)
\c@part=\count80
\c@section=\count81
\c@subsection=\count82
\c@subsubsection=\count83
\c@paragraph=\count84
\c@subparagraph=\count85
\c@figure=\count86
\c@table=\count87
\abovecaptionskip=\skip41
\belowcaptionskip=\skip42
\bibindent=\dimen103
)
(/usr/local/texlive/2012/texmf-dist/tex/latex/graphics/graphicx.sty
Package: graphicx 1999/02/16 v1.0f Enhanced LaTeX Graphics (DPC,SPQR)

(/usr/local/texlive/2012/texmf-dist/tex/latex/graphics/keyval.sty
Package: keyval 1999/03/16 v1.13 key=value parser (DPC)
\KV@toks@=\toks14
)
(/usr/local/texlive/2012/texmf-dist/tex/latex/graphics/graphics.sty
Package: graphics 2009/02/05 v1.0o Standard LaTeX Graphics (DPC,SPQR)

(/usr/local/texlive/2012/texmf-dist/tex/latex/graphics/trig.sty
Package: trig 1999/03/16 v1.09 sin cos tan (DPC)
)
(/usr/local/texlive/2012/texmf-dist/tex/latex/latexconfig/graphics.cfg
File: graphics.cfg 2010/04/23 v1.9 graphics configuration of TeX Live
)
Package graphics Info: Driver file: xetex.def on input line 91.

(/usr/local/texlive/2012/texmf-dist/tex/xelatex/xetex-def/xetex.def
File: xetex.def 2009/11/22 v0.94 LaTeX color/graphics driver for XeTeX (RRM/JK)

))
\Gin@req@height=\dimen104
\Gin@req@width=\dimen105
)
(/usr/local/texlive/2012/texmf-dist/tex/latex/psnfss/pifont.sty
Package: pifont 2005/04/12 PSNFSS-v9.2a Pi font support (SPQR) 
LaTeX Font Info:    Try loading font information for U+pzd on input line 63.

(/usr/local/texlive/2012/texmf-dist/tex/latex/psnfss/upzd.fd
File: upzd.fd 2001/06/04 font definitions for U/pzd.
)
LaTeX Font Info:    Try loading font information for U+psy on input line 64.

(/usr/local/texlive/2012/texmf-dist/tex/latex/psnfss/upsy.fd
File: upsy.fd 2001/06/04 font definitions for U/psy.
))
\c@tnote=\count88
\c@fnote=\count89
\c@cnote=\count90
\c@ead=\count91
\c@author=\count92
\@eadauthor=\toks15
\c@affn=\count93
\absbox=\box26
\keybox=\box27
\Columnwidth=\dimen106
\space@left=\dimen107
\els@boxa=\box28
\els@boxb=\box29
\leftMargin=\dimen108
\@enLab=\toks16
\@sep=\skip43
\@@sep=\skip44

(./simulation-figs.spl)
(/usr/local/texlive/2012/texmf-dist/tex/latex/natbib/natbib.sty
Package: natbib 2010/09/13 8.31b (PWD, AO)
\bibhang=\skip45
\bibsep=\skip46
LaTeX Info: Redefining \cite on input line 694.
\c@NAT@ctr=\count94
)
\splwrite=\write3
\openout3 = `simulation-figs.spl'.

)
(/usr/local/texlive/2012/texmf-dist/tex/latex/amsmath/amsmath.sty
Package: amsmath 2000/07/18 v2.13 AMS math features
\@mathmargin=\skip47

For additional information on amsmath, use the `?' option.
(/usr/local/texlive/2012/texmf-dist/tex/latex/amsmath/amstext.sty
Package: amstext 2000/06/29 v2.01

(/usr/local/texlive/2012/texmf-dist/tex/latex/amsmath/amsgen.sty
File: amsgen.sty 1999/11/30 v2.0
\@emptytoks=\toks17
\ex@=\dimen109
))
(/usr/local/texlive/2012/texmf-dist/tex/latex/amsmath/amsbsy.sty
Package: amsbsy 1999/11/29 v1.2d
\pmbraise@=\dimen110
)
(/usr/local/texlive/2012/texmf-dist/tex/latex/amsmath/amsopn.sty
Package: amsopn 1999/12/14 v2.01 operator names
)
\inf@bad=\count95
LaTeX Info: Redefining \frac on input line 211.
\uproot@=\count96
\leftroot@=\count97
LaTeX Info: Redefining \overline on input line 307.
\classnum@=\count98
\DOTSCASE@=\count99
LaTeX Info: Redefining \ldots on input line 379.
LaTeX Info: Redefining \dots on input line 382.
LaTeX Info: Redefining \cdots on input line 467.
\Mathstrutbox@=\box30
\strutbox@=\box31
\big@size=\dimen111
LaTeX Font Info:    Redeclaring font encoding OML on input line 567.
LaTeX Font Info:    Redeclaring font encoding OMS on input line 568.
\macc@depth=\count100
\c@MaxMatrixCols=\count101
\dotsspace@=\muskip10
\c@parentequation=\count102
\dspbrk@lvl=\count103
\tag@help=\toks18
\row@=\count104
\column@=\count105
\maxfields@=\count106
\andhelp@=\toks19
\eqnshift@=\dimen112
\alignsep@=\dimen113
\tagshift@=\dimen114
\tagwidth@=\dimen115
\totwidth@=\dimen116
\lineht@=\dimen117
\@envbody=\toks20
\multlinegap=\skip48
\multlinetaggap=\skip49
\mathdisplay@stack=\toks21
LaTeX Info: Redefining \[ on input line 2666.
LaTeX Info: Redefining \] on input line 2667.
)
(/usr/local/texlive/2012/texmf-dist/tex/latex/amscls/amsthm.sty
Package: amsthm 2009/07/02 v2.20.1
\thm@style=\toks22
\thm@bodyfont=\toks23
\thm@headfont=\toks24
\thm@notefont=\toks25
\thm@headpunct=\toks26
\thm@preskip=\skip50
\thm@postskip=\skip51
\thm@headsep=\skip52
\dth@everypar=\toks27
LaTeX Info: Redefining \qed on input line 244.
)
(/usr/local/texlive/2012/texmf-dist/tex/latex/amsfonts/amssymb.sty
Package: amssymb 2009/06/22 v3.00

(/usr/local/texlive/2012/texmf-dist/tex/latex/amsfonts/amsfonts.sty
Package: amsfonts 2009/06/22 v3.00 Basic AMSFonts support
\symAMSa=\mathgroup4
\symAMSb=\mathgroup5
LaTeX Font Info:    Overwriting math alphabet `\mathfrak' in version `bold'
(Font)                  U/euf/m/n --> U/euf/b/n on input line 96.
))
(/usr/local/texlive/2012/texmf-dist/tex/latex/tools/bm.sty
Package: bm 2004/02/26 v1.1c Bold Symbol Support (DPC/FMi)
\symboldoperators=\mathgroup6
\symboldletters=\mathgroup7
\symboldsymbols=\mathgroup8
LaTeX Font Info:    Redeclaring math alphabet \mathbf on input line 138.
LaTeX Info: Redefining \bm on input line 204.
)
(/usr/local/texlive/2012/texmf-dist/tex/latex/parskip/parskip.sty
Package: parskip 2001/04/09 non-zero parskip adjustments
)
(/usr/local/texlive/2012/texmf-dist/tex/latex/oberdiek/epstopdf.sty
Package: epstopdf 2010/02/09 v2.5 Conversion with epstopdf on the fly (HO)

(/usr/local/texlive/2012/texmf-dist/tex/latex/oberdiek/epstopdf-base.sty
Package: epstopdf-base 2010/02/09 v2.5 Base part for package epstopdf

(/usr/local/texlive/2012/texmf-dist/tex/generic/oberdiek/infwarerr.sty
Package: infwarerr 2010/04/08 v1.3 Providing info/warning/error messages (HO)
)
(/usr/local/texlive/2012/texmf-dist/tex/latex/oberdiek/grfext.sty
Package: grfext 2010/08/19 v1.1 Manage graphics extensions (HO)

(/usr/local/texlive/2012/texmf-dist/tex/generic/oberdiek/kvdefinekeys.sty
Package: kvdefinekeys 2011/04/07 v1.3 Define keys (HO)

(/usr/local/texlive/2012/texmf-dist/tex/generic/oberdiek/ltxcmds.sty
Package: ltxcmds 2011/11/09 v1.22 LaTeX kernel commands for general use (HO)
)))
(/usr/local/texlive/2012/texmf-dist/tex/latex/oberdiek/kvoptions.sty
Package: kvoptions 2011/06/30 v3.11 Key value format for package options (HO)

(/usr/local/texlive/2012/texmf-dist/tex/generic/oberdiek/kvsetkeys.sty
Package: kvsetkeys 2012/04/25 v1.16 Key value parser (HO)

(/usr/local/texlive/2012/texmf-dist/tex/generic/oberdiek/etexcmds.sty
Package: etexcmds 2011/02/16 v1.5 Avoid name clashes with e-TeX commands (HO)

(/usr/local/texlive/2012/texmf-dist/tex/generic/oberdiek/ifluatex.sty
Package: ifluatex 2010/03/01 v1.3 Provides the ifluatex switch (HO)
Package ifluatex Info: LuaTeX not detected.
)
Package etexcmds Info: Could not find \expanded.
(etexcmds)             That can mean that you are not using pdfTeX 1.50 or
(etexcmds)             that some package has redefined \expanded.
(etexcmds)             In the latter case, load this package earlier.
)))
(/usr/local/texlive/2012/texmf-dist/tex/generic/oberdiek/pdftexcmds.sty
Package: pdftexcmds 2011/11/29 v0.20 Utility functions of pdfTeX for LuaTeX (HO
)

(/usr/local/texlive/2012/texmf-dist/tex/generic/oberdiek/ifpdf.sty
Package: ifpdf 2011/01/30 v2.3 Provides the ifpdf switch (HO)
Package ifpdf Info: pdfTeX in PDF mode is not detected.
)
Package pdftexcmds Info: LuaTeX not detected.
Package pdftexcmds Info: pdfTeX >= 1.30 not detected.
Package pdftexcmds Info: \pdf@primitive is available.
Package pdftexcmds Info: \pdf@ifprimitive is available.
Package pdftexcmds Info: \pdfdraftmode not found.
)

Package epstopdf Warning: Drivers other than `pdftex.def' are not supported.

)) (/usr/local/texlive/2012/texmf-dist/tex/latex/tools/verbatim.sty
Package: verbatim 2003/08/22 v1.5q LaTeX2e package for verbatim enhancements
\every@verbatim=\toks28
\verbatim@line=\toks29
\verbatim@in@stream=\read1
)
(/usr/local/texlive/2012/texmf-dist/tex/latex/caption/subcaption.sty
Package: subcaption 2012/01/12 v1.1d Sub-captions (AR)

(/usr/local/texlive/2012/texmf-dist/tex/latex/caption/caption.sty
Package: caption 2012/02/19 v3.2f Customizing captions (AR)

(/usr/local/texlive/2012/texmf-dist/tex/latex/caption/caption3.sty
Package: caption3 2012/01/12 v1.4b caption3 kernel (AR)
\captionmargin=\dimen118
\captionmargin@=\dimen119
\captionwidth=\dimen120
\caption@indent=\dimen121
\caption@parindent=\dimen122
\caption@hangindent=\dimen123
Package caption Info: Unknown document class (or package),
(caption)             standard defaults will be used.
)

Package caption Warning: Unsupported document class (or package) detected,
(caption)                usage of the caption package is not recommended.
See the caption package documentation for explanation.

Package caption Info: \@makecaption = \long macro:#1#2->\vskip \abovecaptionski
p \footnotesize \sbox \@tempboxa {#1: #2}\ifdim \wd \@tempboxa >\hsize #1: #2\p
ar \else \global \@minipagefalse \hb@xt@ \hsize {\hfil \box \@tempboxa \hfil }\
fi \vskip \belowcaptionskip .
\c@ContinuedFloat=\count107
)
\c@subfigure=\count108
\c@subtable=\count109
) (/usr/local/texlive/2012/texmf-dist/tex/latex/relsize/relsize.sty
Package: relsize 2011/09/21 ver 4.0

Examine \normalsize starts \@setfontsize size may be \@xipt. 
Examine \small starts \@setfontsize size may be \@xpt. 
Examine \footnotesize starts \@setfontsize size may be \@ixpt. 
Examine \large starts \@setfontsize size may be \@xiipt. 
Examine \Large starts \@setfontsize size may be \@xivpt. 
Examine \LARGE starts \@setfontsize size may be \@xviipt. 
Examine \scriptsize starts \@setfontsize size may be \@viiipt. 
Examine \tiny starts \@setfontsize size may be \@vipt. 
Examine \huge starts \@setfontsize size may be \@xxpt. 
Examine \Huge starts \@setfontsize size may be \@xxvpt. )
(/usr/local/texlive/2012/texmf-dist/tex/latex/booktabs/booktabs.sty
Package: booktabs 2005/04/14 v1.61803 publication quality tables
\heavyrulewidth=\dimen124
\lightrulewidth=\dimen125
\cmidrulewidth=\dimen126
\belowrulesep=\dimen127
\belowbottomsep=\dimen128
\aboverulesep=\dimen129
\abovetopsep=\dimen130
\cmidrulesep=\dimen131
\cmidrulekern=\dimen132
\defaultaddspace=\dimen133
\@cmidla=\count110
\@cmidlb=\count111
\@aboverulesep=\dimen134
\@belowrulesep=\dimen135
\@thisruleclass=\count112
\@lastruleclass=\count113
\@thisrulewidth=\dimen136
)
(./simulation-figs.aux)
\openout1 = `simulation-figs.aux'.

LaTeX Font Info:    Checking defaults for OML/cmm/m/it on input line 41.
LaTeX Font Info:    ... okay on input line 41.
LaTeX Font Info:    Checking defaults for T1/cmr/m/n on input line 41.
LaTeX Font Info:    ... okay on input line 41.
LaTeX Font Info:    Checking defaults for OT1/cmr/m/n on input line 41.
LaTeX Font Info:    ... okay on input line 41.
LaTeX Font Info:    Checking defaults for OMS/cmsy/m/n on input line 41.
LaTeX Font Info:    ... okay on input line 41.
LaTeX Font Info:    Checking defaults for OMX/cmex/m/n on input line 41.
LaTeX Font Info:    ... okay on input line 41.
LaTeX Font Info:    Checking defaults for U/cmr/m/n on input line 41.
LaTeX Font Info:    ... okay on input line 41.
Package caption Info: Begin \AtBeginDocument code.
Package caption Info: End \AtBeginDocument code.
LaTeX Font Info:    Try loading font information for U+msa on input line 42.

(/usr/local/texlive/2012/texmf-dist/tex/latex/amsfonts/umsa.fd
File: umsa.fd 2009/06/22 v3.00 AMS symbols A
)
LaTeX Font Info:    Try loading font information for U+msb on input line 42.

(/usr/local/texlive/2012/texmf-dist/tex/latex/amsfonts/umsb.fd
File: umsb.fd 2009/06/22 v3.00 AMS symbols B
)
File: ../../figures/simulation/15.1.profile_bootstrap_coverage.pdf Graphic file
 (type QTm)

<use  "../../figures/simulation/15.1.profile_bootstrap_coverage.pdf" >
File: ../../figures/simulation/15.1.profile_se_coverage.pdf Graphic file (type 
QTm)

<use  "../../figures/simulation/15.1.profile_se_coverage.pdf" >
File: ../../figures/simulation/15.1.profile_unshrunk_bootstrap_coverage.pdf Gra
phic file (type QTm)

<use  "../../figures/simulation/15.1.profile_unshrunk_bootstrap_coverage.pdf" >
File: ../../figures/simulation/15.1.profile_selection.pdf Graphic file (type QT
m)
<use  "../../figures/simulation/15.1.profile_selection.pdf" >
File: ../../figures/simulation/X1.15.1.unshrunk_bootstrap_coverage.pdf Graphic 
file (type QTm)

<use  "../../figures/simulation/X1.15.1.unshrunk_bootstrap_coverage.pdf" >
File: ../../figures/simulation/X1.15.1.selection.pdf Graphic file (type QTm)

<use  "../../figures/simulation/X1.15.1.selection.pdf" >

LaTeX Warning: Float too large for page by 87.01643pt on input line 94.

[1


] [2]
File: ../../figures/simulation/15.2.profile_bootstrap_coverage.pdf Graphic file
 (type QTm)
 <use  "../../figures/simulation/15.2.profile_bootstrap_coverage.pdf" >
File: ../../figures/simulation/15.2.profile_se_coverage.pdf Graphic file (type 
QTm)

<use  "../../figures/simulation/15.2.profile_se_coverage.pdf" >
File: ../../figures/simulation/15.2.profile_unshrunk_bootstrap_coverage.pdf Gra
phic file (type QTm)

<use  "../../figures/simulation/15.2.profile_unshrunk_bootstrap_coverage.pdf" >
File: ../../figures/simulation/15.2.profile_selection.pdf Graphic file (type QT
m)
<use  "../../figures/simulation/15.2.profile_selection.pdf" >
File: ../../figures/simulation/X1.15.2.unshrunk_bootstrap_coverage.pdf Graphic 
file (type QTm)

<use  "../../figures/simulation/X1.15.2.unshrunk_bootstrap_coverage.pdf" >
File: ../../figures/simulation/X1.15.2.selection.pdf Graphic file (type QTm)

<use  "../../figures/simulation/X1.15.2.selection.pdf" >

LaTeX Warning: Float too large for page by 87.01643pt on input line 146.

[3]
File: ../../figures/simulation/15.3.profile_bootstrap_coverage.pdf Graphic file
 (type QTm)
 <use  "../../figures/simulation/15.3.profile_bootstrap_coverage.pdf" >
File: ../../figures/simulation/15.3.profile_se_coverage.pdf Graphic file (type 
QTm)

<use  "../../figures/simulation/15.3.profile_se_coverage.pdf" >
File: ../../figures/simulation/15.3.profile_unshrunk_bootstrap_coverage.pdf Gra
phic file (type QTm)

<use  "../../figures/simulation/15.3.profile_unshrunk_bootstrap_coverage.pdf" >
File: ../../figures/simulation/15.3.profile_selection.pdf Graphic file (type QT
m)
<use  "../../figures/simulation/15.3.profile_selection.pdf" >
File: ../../figures/simulation/X1.15.3.unshrunk_bootstrap_coverage.pdf Graphic 
file (type QTm)

<use  "../../figures/simulation/X1.15.3.unshrunk_bootstrap_coverage.pdf" >
File: ../../figures/simulation/X1.15.3.selection.pdf Graphic file (type QTm)

<use  "../../figures/simulation/X1.15.3.selection.pdf" >

LaTeX Warning: Float too large for page by 87.01643pt on input line 198.

[4]
File: ../../figures/simulation/15.4.profile_bootstrap_coverage.pdf Graphic file
 (type QTm)
 <use  "../../figures/simulation/15.4.profile_bootstrap_coverage.pdf" >
File: ../../figures/simulation/15.4.profile_se_coverage.pdf Graphic file (type 
QTm)

<use  "../../figures/simulation/15.4.profile_se_coverage.pdf" >
File: ../../figures/simulation/15.4.profile_unshrunk_bootstrap_coverage.pdf Gra
phic file (type QTm)

<use  "../../figures/simulation/15.4.profile_unshrunk_bootstrap_coverage.pdf" >
File: ../../figures/simulation/15.4.profile_selection.pdf Graphic file (type QT
m)
<use  "../../figures/simulation/15.4.profile_selection.pdf" >
File: ../../figures/simulation/X1.15.4.unshrunk_bootstrap_coverage.pdf Graphic 
file (type QTm)

<use  "../../figures/simulation/X1.15.4.unshrunk_bootstrap_coverage.pdf" >
File: ../../figures/simulation/X1.15.4.selection.pdf Graphic file (type QTm)

<use  "../../figures/simulation/X1.15.4.selection.pdf" >

LaTeX Warning: Float too large for page by 87.01643pt on input line 250.

[5]
File: ../../figures/simulation/15.5.profile_bootstrap_coverage.pdf Graphic file
 (type QTm)
 <use  "../../figures/simulation/15.5.profile_bootstrap_coverage.pdf" >
File: ../../figures/simulation/15.5.profile_se_coverage.pdf Graphic file (type 
QTm)

<use  "../../figures/simulation/15.5.profile_se_coverage.pdf" >
File: ../../figures/simulation/15.5.profile_unshrunk_bootstrap_coverage.pdf Gra
phic file (type QTm)

<use  "../../figures/simulation/15.5.profile_unshrunk_bootstrap_coverage.pdf" >
File: ../../figures/simulation/15.5.profile_selection.pdf Graphic file (type QT
m)
<use  "../../figures/simulation/15.5.profile_selection.pdf" >
File: ../../figures/simulation/X1.15.5.unshrunk_bootstrap_coverage.pdf Graphic 
file (type QTm)

<use  "../../figures/simulation/X1.15.5.unshrunk_bootstrap_coverage.pdf" >
File: ../../figures/simulation/X1.15.5.selection.pdf Graphic file (type QTm)

<use  "../../figures/simulation/X1.15.5.selection.pdf" >

LaTeX Warning: Float too large for page by 87.01643pt on input line 302.

[6]
File: ../../figures/simulation/15.6.profile_bootstrap_coverage.pdf Graphic file
 (type QTm)
 <use  "../../figures/simulation/15.6.profile_bootstrap_coverage.pdf" >
File: ../../figures/simulation/15.6.profile_se_coverage.pdf Graphic file (type 
QTm)

<use  "../../figures/simulation/15.6.profile_se_coverage.pdf" >
File: ../../figures/simulation/15.6.profile_unshrunk_bootstrap_coverage.pdf Gra
phic file (type QTm)

<use  "../../figures/simulation/15.6.profile_unshrunk_bootstrap_coverage.pdf" >
File: ../../figures/simulation/15.6.profile_selection.pdf Graphic file (type QT
m)
<use  "../../figures/simulation/15.6.profile_selection.pdf" >
File: ../../figures/simulation/X1.15.6.unshrunk_bootstrap_coverage.pdf Graphic 
file (type QTm)

<use  "../../figures/simulation/X1.15.6.unshrunk_bootstrap_coverage.pdf" >
File: ../../figures/simulation/X1.15.6.selection.pdf Graphic file (type QTm)

<use  "../../figures/simulation/X1.15.6.selection.pdf" >

LaTeX Warning: Float too large for page by 87.01643pt on input line 354.

[7]
File: ../../figures/simulation/15.7.profile_bootstrap_coverage.pdf Graphic file
 (type QTm)
 <use  "../../figures/simulation/15.7.profile_bootstrap_coverage.pdf" >
File: ../../figures/simulation/15.7.profile_se_coverage.pdf Graphic file (type 
QTm)

<use  "../../figures/simulation/15.7.profile_se_coverage.pdf" >
File: ../../figures/simulation/15.7.profile_unshrunk_bootstrap_coverage.pdf Gra
phic file (type QTm)

<use  "../../figures/simulation/15.7.profile_unshrunk_bootstrap_coverage.pdf" >
File: ../../figures/simulation/15.7.profile_selection.pdf Graphic file (type QT
m)
<use  "../../figures/simulation/15.7.profile_selection.pdf" >
File: ../../figures/simulation/X1.15.7.unshrunk_bootstrap_coverage.pdf Graphic 
file (type QTm)

<use  "../../figures/simulation/X1.15.7.unshrunk_bootstrap_coverage.pdf" >
File: ../../figures/simulation/X1.15.7.selection.pdf Graphic file (type QTm)

<use  "../../figures/simulation/X1.15.7.selection.pdf" >

LaTeX Warning: Float too large for page by 87.01643pt on input line 406.

[8]
File: ../../figures/simulation/15.8.profile_bootstrap_coverage.pdf Graphic file
 (type QTm)
 <use  "../../figures/simulation/15.8.profile_bootstrap_coverage.pdf" >
File: ../../figures/simulation/15.8.profile_se_coverage.pdf Graphic file (type 
QTm)

<use  "../../figures/simulation/15.8.profile_se_coverage.pdf" >
File: ../../figures/simulation/15.8.profile_unshrunk_bootstrap_coverage.pdf Gra
phic file (type QTm)

<use  "../../figures/simulation/15.8.profile_unshrunk_bootstrap_coverage.pdf" >
File: ../../figures/simulation/15.8.profile_selection.pdf Graphic file (type QT
m)
<use  "../../figures/simulation/15.8.profile_selection.pdf" >
File: ../../figures/simulation/X1.15.8.unshrunk_bootstrap_coverage.pdf Graphic 
file (type QTm)

<use  "../../figures/simulation/X1.15.8.unshrunk_bootstrap_coverage.pdf" >
File: ../../figures/simulation/X1.15.8.selection.pdf Graphic file (type QTm)

<use  "../../figures/simulation/X1.15.8.selection.pdf" >

LaTeX Warning: Float too large for page by 87.01643pt on input line 458.

[9]
File: ../../figures/simulation/15.9.profile_bootstrap_coverage.pdf Graphic file
 (type QTm)
 <use  "../../figures/simulation/15.9.profile_bootstrap_coverage.pdf" >
File: ../../figures/simulation/15.9.profile_se_coverage.pdf Graphic file (type 
QTm)

<use  "../../figures/simulation/15.9.profile_se_coverage.pdf" >
File: ../../figures/simulation/15.9.profile_unshrunk_bootstrap_coverage.pdf Gra
phic file (type QTm)

<use  "../../figures/simulation/15.9.profile_unshrunk_bootstrap_coverage.pdf" >
File: ../../figures/simulation/15.9.profile_selection.pdf Graphic file (type QT
m)
<use  "../../figures/simulation/15.9.profile_selection.pdf" >
File: ../../figures/simulation/X1.15.9.unshrunk_bootstrap_coverage.pdf Graphic 
file (type QTm)

<use  "../../figures/simulation/X1.15.9.unshrunk_bootstrap_coverage.pdf" >
File: ../../figures/simulation/X1.15.9.selection.pdf Graphic file (type QTm)

<use  "../../figures/simulation/X1.15.9.selection.pdf" >

LaTeX Warning: Float too large for page by 87.01643pt on input line 510.

[10]
File: ../../figures/simulation/15.10.profile_bootstrap_coverage.pdf Graphic fil
e (type QTm)
 <use  "../../figures/simulation/15.10.profile_bootstrap_coverage.pdf" >
File: ../../figures/simulation/15.10.profile_se_coverage.pdf Graphic file (type
 QTm)

<use  "../../figures/simulation/15.10.profile_se_coverage.pdf" >
File: ../../figures/simulation/15.10.profile_unshrunk_bootstrap_coverage.pdf Gr
aphic file (type QTm)

<use  "../../figures/simulation/15.10.profile_unshrunk_bootstrap_coverage.pdf" 
>
File: ../../figures/simulation/15.10.profile_selection.pdf Graphic file (type Q
Tm)
 <use  "../../figures/simulation/15.10.profile_selection.pdf" >
File: ../../figures/simulation/X1.15.10.unshrunk_bootstrap_coverage.pdf Graphic
 file (type QTm)

<use  "../../figures/simulation/X1.15.10.unshrunk_bootstrap_coverage.pdf" >
File: ../../figures/simulation/X1.15.10.selection.pdf Graphic file (type QTm)

<use  "../../figures/simulation/X1.15.10.selection.pdf" >

LaTeX Warning: Float too large for page by 87.01643pt on input line 562.

[11]
File: ../../figures/simulation/15.11.profile_bootstrap_coverage.pdf Graphic fil
e (type QTm)
 <use  "../../figures/simulation/15.11.profile_bootstrap_coverage.pdf" >
File: ../../figures/simulation/15.11.profile_se_coverage.pdf Graphic file (type
 QTm)

<use  "../../figures/simulation/15.11.profile_se_coverage.pdf" >
File: ../../figures/simulation/15.11.profile_unshrunk_bootstrap_coverage.pdf Gr
aphic file (type QTm)

<use  "../../figures/simulation/15.11.profile_unshrunk_bootstrap_coverage.pdf" 
>
File: ../../figures/simulation/15.11.profile_selection.pdf Graphic file (type Q
Tm)
 <use  "../../figures/simulation/15.11.profile_selection.pdf" >
File: ../../figures/simulation/X1.15.11.unshrunk_bootstrap_coverage.pdf Graphic
 file (type QTm)

<use  "../../figures/simulation/X1.15.11.unshrunk_bootstrap_coverage.pdf" >
File: ../../figures/simulation/X1.15.11.selection.pdf Graphic file (type QTm)

<use  "../../figures/simulation/X1.15.11.selection.pdf" >

LaTeX Warning: Float too large for page by 87.01643pt on input line 614.

[12]
File: ../../figures/simulation/15.12.profile_bootstrap_coverage.pdf Graphic fil
e (type QTm)
 <use  "../../figures/simulation/15.12.profile_bootstrap_coverage.pdf" >
File: ../../figures/simulation/15.12.profile_se_coverage.pdf Graphic file (type
 QTm)

<use  "../../figures/simulation/15.12.profile_se_coverage.pdf" >
File: ../../figures/simulation/15.12.profile_unshrunk_bootstrap_coverage.pdf Gr
aphic file (type QTm)

<use  "../../figures/simulation/15.12.profile_unshrunk_bootstrap_coverage.pdf" 
>
File: ../../figures/simulation/15.12.profile_selection.pdf Graphic file (type Q
Tm)
 <use  "../../figures/simulation/15.12.profile_selection.pdf" >
File: ../../figures/simulation/X1.15.12.unshrunk_bootstrap_coverage.pdf Graphic
 file (type QTm)

<use  "../../figures/simulation/X1.15.12.unshrunk_bootstrap_coverage.pdf" >
File: ../../figures/simulation/X1.15.12.selection.pdf Graphic file (type QTm)

<use  "../../figures/simulation/X1.15.12.selection.pdf" >

LaTeX Warning: Float too large for page by 87.01643pt on input line 666.

File: ../../figures/simulation/15.13.profile_bootstrap_coverage.pdf Graphic fil
e (type QTm)
<use  "../../figures/simulation/15.13.profile_bootstrap_coverage.pdf" >
File: ../../figures/simulation/15.13.profile_se_coverage.pdf Graphic file (type
 QTm)

<use  "../../figures/simulation/15.13.profile_se_coverage.pdf" >
File: ../../figures/simulation/15.13.profile_unshrunk_bootstrap_coverage.pdf Gr
aphic file (type QTm)

<use  "../../figures/simulation/15.13.profile_unshrunk_bootstrap_coverage.pdf" 
>
File: ../../figures/simulation/15.13.profile_selection.pdf Graphic file (type Q
Tm)
 <use  "../../figures/simulation/15.13.profile_selection.pdf" >
File: ../../figures/simulation/X1.15.13.unshrunk_bootstrap_coverage.pdf Graphic
 file (type QTm)

<use  "../../figures/simulation/X1.15.13.unshrunk_bootstrap_coverage.pdf" >
File: ../../figures/simulation/X1.15.13.selection.pdf Graphic file (type QTm)

<use  "../../figures/simulation/X1.15.13.selection.pdf" >

LaTeX Warning: Float too large for page by 87.01643pt on input line 717.

File: ../../figures/simulation/15.14.profile_bootstrap_coverage.pdf Graphic fil
e (type QTm)
<use  "../../figures/simulation/15.14.profile_bootstrap_coverage.pdf" >
File: ../../figures/simulation/15.14.profile_se_coverage.pdf Graphic file (type
 QTm)

<use  "../../figures/simulation/15.14.profile_se_coverage.pdf" >
File: ../../figures/simulation/15.14.profile_unshrunk_bootstrap_coverage.pdf Gr
aphic file (type QTm)

<use  "../../figures/simulation/15.14.profile_unshrunk_bootstrap_coverage.pdf" 
>
File: ../../figures/simulation/15.14.profile_selection.pdf Graphic file (type Q
Tm)
 <use  "../../figures/simulation/15.14.profile_selection.pdf" >
File: ../../figures/simulation/X1.15.14.unshrunk_bootstrap_coverage.pdf Graphic
 file (type QTm)

<use  "../../figures/simulation/X1.15.14.unshrunk_bootstrap_coverage.pdf" >
File: ../../figures/simulation/X1.15.14.selection.pdf Graphic file (type QTm)

<use  "../../figures/simulation/X1.15.14.selection.pdf" >

LaTeX Warning: Float too large for page by 87.01643pt on input line 768.

File: ../../figures/simulation/15.15.profile_bootstrap_coverage.pdf Graphic fil
e (type QTm)
<use  "../../figures/simulation/15.15.profile_bootstrap_coverage.pdf" >
File: ../../figures/simulation/15.15.profile_se_coverage.pdf Graphic file (type
 QTm)

<use  "../../figures/simulation/15.15.profile_se_coverage.pdf" >
File: ../../figures/simulation/15.15.profile_unshrunk_bootstrap_coverage.pdf Gr
aphic file (type QTm)

<use  "../../figures/simulation/15.15.profile_unshrunk_bootstrap_coverage.pdf" 
>
File: ../../figures/simulation/15.15.profile_selection.pdf Graphic file (type Q
Tm)
 <use  "../../figures/simulation/15.15.profile_selection.pdf" >
File: ../../figures/simulation/X1.15.15.unshrunk_bootstrap_coverage.pdf Graphic
 file (type QTm)

<use  "../../figures/simulation/X1.15.15.unshrunk_bootstrap_coverage.pdf" >
File: ../../figures/simulation/X1.15.15.selection.pdf Graphic file (type QTm)

<use  "../../figures/simulation/X1.15.15.selection.pdf" >

LaTeX Warning: Float too large for page by 87.01643pt on input line 819.

File: ../../figures/simulation/15.16.profile_bootstrap_coverage.pdf Graphic fil
e (type QTm)
<use  "../../figures/simulation/15.16.profile_bootstrap_coverage.pdf" >
File: ../../figures/simulation/15.16.profile_se_coverage.pdf Graphic file (type
 QTm)

<use  "../../figures/simulation/15.16.profile_se_coverage.pdf" >
File: ../../figures/simulation/15.16.profile_unshrunk_bootstrap_coverage.pdf Gr
aphic file (type QTm)

<use  "../../figures/simulation/15.16.profile_unshrunk_bootstrap_coverage.pdf" 
>
File: ../../figures/simulation/15.16.profile_selection.pdf Graphic file (type Q
Tm)
 <use  "../../figures/simulation/15.16.profile_selection.pdf" >
File: ../../figures/simulation/X1.15.16.unshrunk_bootstrap_coverage.pdf Graphic
 file (type QTm)

<use  "../../figures/simulation/X1.15.16.unshrunk_bootstrap_coverage.pdf" >
File: ../../figures/simulation/X1.15.16.selection.pdf Graphic file (type QTm)

<use  "../../figures/simulation/X1.15.16.selection.pdf" >

LaTeX Warning: Float too large for page by 87.01643pt on input line 870.

File: ../../figures/simulation/15.17.profile_bootstrap_coverage.pdf Graphic fil
e (type QTm)
<use  "../../figures/simulation/15.17.profile_bootstrap_coverage.pdf" >
File: ../../figures/simulation/15.17.profile_se_coverage.pdf Graphic file (type
 QTm)

<use  "../../figures/simulation/15.17.profile_se_coverage.pdf" >
File: ../../figures/simulation/15.17.profile_unshrunk_bootstrap_coverage.pdf Gr
aphic file (type QTm)

<use  "../../figures/simulation/15.17.profile_unshrunk_bootstrap_coverage.pdf" 
>
File: ../../figures/simulation/15.17.profile_selection.pdf Graphic file (type Q
Tm)
 <use  "../../figures/simulation/15.17.profile_selection.pdf" >
File: ../../figures/simulation/X1.15.17.unshrunk_bootstrap_coverage.pdf Graphic
 file (type QTm)

<use  "../../figures/simulation/X1.15.17.unshrunk_bootstrap_coverage.pdf" >
File: ../../figures/simulation/X1.15.17.selection.pdf Graphic file (type QTm)

<use  "../../figures/simulation/X1.15.17.selection.pdf" >

LaTeX Warning: Float too large for page by 87.01643pt on input line 921.

File: ../../figures/simulation/15.18.profile_bootstrap_coverage.pdf Graphic fil
e (type QTm)
<use  "../../figures/simulation/15.18.profile_bootstrap_coverage.pdf" >
File: ../../figures/simulation/15.18.profile_se_coverage.pdf Graphic file (type
 QTm)

<use  "../../figures/simulation/15.18.profile_se_coverage.pdf" >
File: ../../figures/simulation/15.18.profile_unshrunk_bootstrap_coverage.pdf Gr
aphic file (type QTm)

<use  "../../figures/simulation/15.18.profile_unshrunk_bootstrap_coverage.pdf" 
>
File: ../../figures/simulation/15.18.profile_selection.pdf Graphic file (type Q
Tm)
 <use  "../../figures/simulation/15.18.profile_selection.pdf" >
File: ../../figures/simulation/X1.15.18.unshrunk_bootstrap_coverage.pdf Graphic
 file (type QTm)

<use  "../../figures/simulation/X1.15.18.unshrunk_bootstrap_coverage.pdf" >
File: ../../figures/simulation/X1.15.18.selection.pdf Graphic file (type QTm)

<use  "../../figures/simulation/X1.15.18.selection.pdf" >

LaTeX Warning: Float too large for page by 87.01643pt on input line 972.

File: ../../figures/simulation/15.19.profile_bootstrap_coverage.pdf Graphic fil
e (type QTm)
<use  "../../figures/simulation/15.19.profile_bootstrap_coverage.pdf" >
File: ../../figures/simulation/15.19.profile_se_coverage.pdf Graphic file (type
 QTm)

<use  "../../figures/simulation/15.19.profile_se_coverage.pdf" >
File: ../../figures/simulation/15.19.profile_unshrunk_bootstrap_coverage.pdf Gr
aphic file (type QTm)

<use  "../../figures/simulation/15.19.profile_unshrunk_bootstrap_coverage.pdf" 
>
File: ../../figures/simulation/15.19.profile_selection.pdf Graphic file (type Q
Tm)
 <use  "../../figures/simulation/15.19.profile_selection.pdf" >
File: ../../figures/simulation/X1.15.19.unshrunk_bootstrap_coverage.pdf Graphic
 file (type QTm)

<use  "../../figures/simulation/X1.15.19.unshrunk_bootstrap_coverage.pdf" >
File: ../../figures/simulation/X1.15.19.selection.pdf Graphic file (type QTm)

<use  "../../figures/simulation/X1.15.19.selection.pdf" >

LaTeX Warning: Float too large for page by 87.01643pt on input line 1023.

File: ../../figures/simulation/15.20.profile_bootstrap_coverage.pdf Graphic fil
e (type QTm)
<use  "../../figures/simulation/15.20.profile_bootstrap_coverage.pdf" >
File: ../../figures/simulation/15.20.profile_se_coverage.pdf Graphic file (type
 QTm)

<use  "../../figures/simulation/15.20.profile_se_coverage.pdf" >
File: ../../figures/simulation/15.20.profile_unshrunk_bootstrap_coverage.pdf Gr
aphic file (type QTm)

<use  "../../figures/simulation/15.20.profile_unshrunk_bootstrap_coverage.pdf" 
>
File: ../../figures/simulation/15.20.profile_selection.pdf Graphic file (type Q
Tm)
 <use  "../../figures/simulation/15.20.profile_selection.pdf" >
File: ../../figures/simulation/X1.15.20.unshrunk_bootstrap_coverage.pdf Graphic
 file (type QTm)

<use  "../../figures/simulation/X1.15.20.unshrunk_bootstrap_coverage.pdf" >
File: ../../figures/simulation/X1.15.20.selection.pdf Graphic file (type QTm)

<use  "../../figures/simulation/X1.15.20.selection.pdf" >

LaTeX Warning: Float too large for page by 87.01643pt on input line 1074.

File: ../../figures/simulation/15.21.profile_bootstrap_coverage.pdf Graphic fil
e (type QTm)
<use  "../../figures/simulation/15.21.profile_bootstrap_coverage.pdf" >
File: ../../figures/simulation/15.21.profile_se_coverage.pdf Graphic file (type
 QTm)

<use  "../../figures/simulation/15.21.profile_se_coverage.pdf" >
File: ../../figures/simulation/15.21.profile_unshrunk_bootstrap_coverage.pdf Gr
aphic file (type QTm)

<use  "../../figures/simulation/15.21.profile_unshrunk_bootstrap_coverage.pdf" 
>
File: ../../figures/simulation/15.21.profile_selection.pdf Graphic file (type Q
Tm)
 <use  "../../figures/simulation/15.21.profile_selection.pdf" >
File: ../../figures/simulation/X1.15.21.unshrunk_bootstrap_coverage.pdf Graphic
 file (type QTm)

<use  "../../figures/simulation/X1.15.21.unshrunk_bootstrap_coverage.pdf" >
File: ../../figures/simulation/X1.15.21.selection.pdf Graphic file (type QTm)

<use  "../../figures/simulation/X1.15.21.selection.pdf" >

LaTeX Warning: Float too large for page by 87.01643pt on input line 1125.

File: ../../figures/simulation/15.22.profile_bootstrap_coverage.pdf Graphic fil
e (type QTm)
<use  "../../figures/simulation/15.22.profile_bootstrap_coverage.pdf" >
File: ../../figures/simulation/15.22.profile_se_coverage.pdf Graphic file (type
 QTm)

<use  "../../figures/simulation/15.22.profile_se_coverage.pdf" >
File: ../../figures/simulation/15.22.profile_unshrunk_bootstrap_coverage.pdf Gr
aphic file (type QTm)

<use  "../../figures/simulation/15.22.profile_unshrunk_bootstrap_coverage.pdf" 
>
File: ../../figures/simulation/15.22.profile_selection.pdf Graphic file (type Q
Tm)
 <use  "../../figures/simulation/15.22.profile_selection.pdf" >
File: ../../figures/simulation/X1.15.22.unshrunk_bootstrap_coverage.pdf Graphic
 file (type QTm)

<use  "../../figures/simulation/X1.15.22.unshrunk_bootstrap_coverage.pdf" >
File: ../../figures/simulation/X1.15.22.selection.pdf Graphic file (type QTm)

<use  "../../figures/simulation/X1.15.22.selection.pdf" >

LaTeX Warning: Float too large for page by 87.01643pt on input line 1176.

File: ../../figures/simulation/15.23.profile_bootstrap_coverage.pdf Graphic fil
e (type QTm)
<use  "../../figures/simulation/15.23.profile_bootstrap_coverage.pdf" >
File: ../../figures/simulation/15.23.profile_se_coverage.pdf Graphic file (type
 QTm)

<use  "../../figures/simulation/15.23.profile_se_coverage.pdf" >
File: ../../figures/simulation/15.23.profile_unshrunk_bootstrap_coverage.pdf Gr
aphic file (type QTm)

<use  "../../figures/simulation/15.23.profile_unshrunk_bootstrap_coverage.pdf" 
>
File: ../../figures/simulation/15.23.profile_selection.pdf Graphic file (type Q
Tm)
 <use  "../../figures/simulation/15.23.profile_selection.pdf" >
File: ../../figures/simulation/X1.15.23.unshrunk_bootstrap_coverage.pdf Graphic
 file (type QTm)

<use  "../../figures/simulation/X1.15.23.unshrunk_bootstrap_coverage.pdf" >
File: ../../figures/simulation/X1.15.23.selection.pdf Graphic file (type QTm)

<use  "../../figures/simulation/X1.15.23.selection.pdf" >

LaTeX Warning: Float too large for page by 87.01643pt on input line 1227.

File: ../../figures/simulation/15.24.profile_bootstrap_coverage.pdf Graphic fil
e (type QTm)
<use  "../../figures/simulation/15.24.profile_bootstrap_coverage.pdf" >
File: ../../figures/simulation/15.24.profile_se_coverage.pdf Graphic file (type
 QTm)

<use  "../../figures/simulation/15.24.profile_se_coverage.pdf" >
File: ../../figures/simulation/15.24.profile_unshrunk_bootstrap_coverage.pdf Gr
aphic file (type QTm)

<use  "../../figures/simulation/15.24.profile_unshrunk_bootstrap_coverage.pdf" 
>
File: ../../figures/simulation/15.24.profile_selection.pdf Graphic file (type Q
Tm)
 <use  "../../figures/simulation/15.24.profile_selection.pdf" >
File: ../../figures/simulation/X1.15.24.unshrunk_bootstrap_coverage.pdf Graphic
 file (type QTm)

<use  "../../figures/simulation/X1.15.24.unshrunk_bootstrap_coverage.pdf" >
File: ../../figures/simulation/X1.15.24.selection.pdf Graphic file (type QTm)

<use  "../../figures/simulation/X1.15.24.selection.pdf" >

LaTeX Warning: Float too large for page by 87.01643pt on input line 1278.

File: ../../figures/simulation/15.25.profile_bootstrap_coverage.pdf Graphic fil
e (type QTm)
<use  "../../figures/simulation/15.25.profile_bootstrap_coverage.pdf" >
File: ../../figures/simulation/15.25.profile_se_coverage.pdf Graphic file (type
 QTm)

<use  "../../figures/simulation/15.25.profile_se_coverage.pdf" >
File: ../../figures/simulation/15.25.profile_unshrunk_bootstrap_coverage.pdf Gr
aphic file (type QTm)

<use  "../../figures/simulation/15.25.profile_unshrunk_bootstrap_coverage.pdf" 
>
File: ../../figures/simulation/15.25.profile_selection.pdf Graphic file (type Q
Tm)
 <use  "../../figures/simulation/15.25.profile_selection.pdf" >
File: ../../figures/simulation/X1.15.25.unshrunk_bootstrap_coverage.pdf Graphic
 file (type QTm)

<use  "../../figures/simulation/X1.15.25.unshrunk_bootstrap_coverage.pdf" >
File: ../../figures/simulation/X1.15.25.selection.pdf Graphic file (type QTm)

<use  "../../figures/simulation/X1.15.25.selection.pdf" >

LaTeX Warning: Float too large for page by 87.01643pt on input line 1329.

File: ../../figures/simulation/15.26.profile_bootstrap_coverage.pdf Graphic fil
e (type QTm)
<use  "../../figures/simulation/15.26.profile_bootstrap_coverage.pdf" >
File: ../../figures/simulation/15.26.profile_se_coverage.pdf Graphic file (type
 QTm)

<use  "../../figures/simulation/15.26.profile_se_coverage.pdf" >
File: ../../figures/simulation/15.26.profile_unshrunk_bootstrap_coverage.pdf Gr
aphic file (type QTm)

<use  "../../figures/simulation/15.26.profile_unshrunk_bootstrap_coverage.pdf" 
>
File: ../../figures/simulation/15.26.profile_selection.pdf Graphic file (type Q
Tm)
 <use  "../../figures/simulation/15.26.profile_selection.pdf" >
File: ../../figures/simulation/X1.15.26.unshrunk_bootstrap_coverage.pdf Graphic
 file (type QTm)

<use  "../../figures/simulation/X1.15.26.unshrunk_bootstrap_coverage.pdf" >
File: ../../figures/simulation/X1.15.26.selection.pdf Graphic file (type QTm)

<use  "../../figures/simulation/X1.15.26.selection.pdf" >

LaTeX Warning: Float too large for page by 87.01643pt on input line 1380.

[13] [14] [15] [16] [17] [18] [19] [20] [21] [22] [23] [24] [25] [26] [27]
File: ../../figures/simulation/15.27.profile_bootstrap_coverage.pdf Graphic fil
e (type QTm)

<use  "../../figures/simulation/15.27.profile_bootstrap_coverage.pdf" >
File: ../../figures/simulation/15.27.profile_se_coverage.pdf Graphic file (type
 QTm)

<use  "../../figures/simulation/15.27.profile_se_coverage.pdf" >
File: ../../figures/simulation/15.27.profile_selection.pdf Graphic file (type Q
Tm)

<use  "../../figures/simulation/15.27.profile_selection.pdf" >
File: ../../figures/simulation/X1.15.27.selection.pdf Graphic file (type QTm)

<use  "../../figures/simulation/X1.15.27.selection.pdf" >
File: ../../figures/simulation/15.28.profile_bootstrap_coverage.pdf Graphic fil
e (type QTm)

<use  "../../figures/simulation/15.28.profile_bootstrap_coverage.pdf" >
File: ../../figures/simulation/15.28.profile_se_coverage.pdf Graphic file (type
 QTm)

<use  "../../figures/simulation/15.28.profile_se_coverage.pdf" >
File: ../../figures/simulation/15.28.profile_selection.pdf Graphic file (type Q
Tm)

<use  "../../figures/simulation/15.28.profile_selection.pdf" >
File: ../../figures/simulation/X1.15.28.selection.pdf Graphic file (type QTm)

<use  "../../figures/simulation/X1.15.28.selection.pdf" > [28] [29]
File: ../../figures/simulation/15.29.profile_bootstrap_coverage.pdf Graphic fil
e (type QTm)

<use  "../../figures/simulation/15.29.profile_bootstrap_coverage.pdf" >
File: ../../figures/simulation/15.29.profile_se_coverage.pdf Graphic file (type
 QTm)

<use  "../../figures/simulation/15.29.profile_se_coverage.pdf" >
File: ../../figures/simulation/15.29.profile_selection.pdf Graphic file (type Q
Tm)

<use  "../../figures/simulation/15.29.profile_selection.pdf" >
File: ../../figures/simulation/X1.15.29.selection.pdf Graphic file (type QTm)

<use  "../../figures/simulation/X1.15.29.selection.pdf" >
File: ../../figures/simulation/15.30.profile_bootstrap_coverage.pdf Graphic fil
e (type QTm)

<use  "../../figures/simulation/15.30.profile_bootstrap_coverage.pdf" >
File: ../../figures/simulation/15.30.profile_se_coverage.pdf Graphic file (type
 QTm)

<use  "../../figures/simulation/15.30.profile_se_coverage.pdf" >
File: ../../figures/simulation/15.30.profile_selection.pdf Graphic file (type Q
Tm)

<use  "../../figures/simulation/15.30.profile_selection.pdf" >
File: ../../figures/simulation/X1.15.30.selection.pdf Graphic file (type QTm)

<use  "../../figures/simulation/X1.15.30.selection.pdf" >
File: ../../figures/simulation/15.31.profile_bootstrap_coverage.pdf Graphic fil
e (type QTm)

<use  "../../figures/simulation/15.31.profile_bootstrap_coverage.pdf" >
File: ../../figures/simulation/15.31.profile_se_coverage.pdf Graphic file (type
 QTm)

<use  "../../figures/simulation/15.31.profile_se_coverage.pdf" >
File: ../../figures/simulation/15.31.profile_selection.pdf Graphic file (type Q
Tm)

<use  "../../figures/simulation/15.31.profile_selection.pdf" >
File: ../../figures/simulation/X1.15.31.selection.pdf Graphic file (type QTm)

<use  "../../figures/simulation/X1.15.31.selection.pdf" > [30] [31] [32]
File: ../../figures/simulation/15.32.profile_bootstrap_coverage.pdf Graphic fil
e (type QTm)

<use  "../../figures/simulation/15.32.profile_bootstrap_coverage.pdf" >
File: ../../figures/simulation/15.32.profile_se_coverage.pdf Graphic file (type
 QTm)

<use  "../../figures/simulation/15.32.profile_se_coverage.pdf" >
File: ../../figures/simulation/15.32.profile_selection.pdf Graphic file (type Q
Tm)

<use  "../../figures/simulation/15.32.profile_selection.pdf" >
File: ../../figures/simulation/X1.15.32.selection.pdf Graphic file (type QTm)

<use  "../../figures/simulation/X1.15.32.selection.pdf" >
File: ../../figures/simulation/15.33.profile_bootstrap_coverage.pdf Graphic fil
e (type QTm)

<use  "../../figures/simulation/15.33.profile_bootstrap_coverage.pdf" >
File: ../../figures/simulation/15.33.profile_se_coverage.pdf Graphic file (type
 QTm)

<use  "../../figures/simulation/15.33.profile_se_coverage.pdf" >
File: ../../figures/simulation/15.33.profile_selection.pdf Graphic file (type Q
Tm)

<use  "../../figures/simulation/15.33.profile_selection.pdf" >
File: ../../figures/simulation/X1.15.33.selection.pdf Graphic file (type QTm)

<use  "../../figures/simulation/X1.15.33.selection.pdf" > [33] [34]
File: ../../figures/simulation/15.34.profile_bootstrap_coverage.pdf Graphic fil
e (type QTm)

<use  "../../figures/simulation/15.34.profile_bootstrap_coverage.pdf" >
File: ../../figures/simulation/15.34.profile_se_coverage.pdf Graphic file (type
 QTm)

<use  "../../figures/simulation/15.34.profile_se_coverage.pdf" >
File: ../../figures/simulation/15.34.profile_selection.pdf Graphic file (type Q
Tm)

<use  "../../figures/simulation/15.34.profile_selection.pdf" >
File: ../../figures/simulation/X1.15.34.selection.pdf Graphic file (type QTm)

<use  "../../figures/simulation/X1.15.34.selection.pdf" >
File: ../../figures/simulation/15.35.profile_bootstrap_coverage.pdf Graphic fil
e (type QTm)

<use  "../../figures/simulation/15.35.profile_bootstrap_coverage.pdf" >
File: ../../figures/simulation/15.35.profile_se_coverage.pdf Graphic file (type
 QTm)

<use  "../../figures/simulation/15.35.profile_se_coverage.pdf" >
File: ../../figures/simulation/15.35.profile_selection.pdf Graphic file (type Q
Tm)

<use  "../../figures/simulation/15.35.profile_selection.pdf" >
File: ../../figures/simulation/X1.15.35.selection.pdf Graphic file (type QTm)

<use  "../../figures/simulation/X1.15.35.selection.pdf" >
File: ../../figures/simulation/15.36.profile_bootstrap_coverage.pdf Graphic fil
e (type QTm)

<use  "../../figures/simulation/15.36.profile_bootstrap_coverage.pdf" >
File: ../../figures/simulation/15.36.profile_se_coverage.pdf Graphic file (type
 QTm)

<use  "../../figures/simulation/15.36.profile_se_coverage.pdf" >
File: ../../figures/simulation/15.36.profile_selection.pdf Graphic file (type Q
Tm)

<use  "../../figures/simulation/15.36.profile_selection.pdf" >
File: ../../figures/simulation/X1.15.36.selection.pdf Graphic file (type QTm)

<use  "../../figures/simulation/X1.15.36.selection.pdf" > [35] [36] [37]
(./simulation-figs.aux) ) 
Here is how much of TeX's memory you used:
 4434 strings out of 494004
 79727 string characters out of 3150890
 144242 words of memory out of 3000000
 7420 multiletter control sequences out of 15000+200000
 12690 words of font info for 46 fonts, out of 3000000 for 9000
 1144 hyphenation exceptions out of 8191
 42i,7n,40p,328b,435s stack positions out of 5000i,500n,10000p,200000b,50000s

Output written on simulation-figs.pdf (37 pages).
